Using pre-set license
Built from '2021.3/staging' branch; Version is '2021.3.16f1 (4016570cf34f) revision 4200023'; Using compiler version '192829333'; Build Type 'Release'
OS: 'Windows 11  (10.0.22621) 64bit Professional' Language: 'zh' Physical Memory: 16235 MB
BatchMode: 1, IsHumanControllingUs: 0, StartBugReporterOnCrash: 0, Is64bit: 1, IsPro: 1

COMMAND LINE ARGUMENTS:
D:\Program Files\Unity\2021.3.16f1\Editor\Unity.exe
-adb2
-batchMode
-noUpm
-name
AssetImportWorker2
-projectPath
C:/Users/15459/Desktop/web/mihoyo-material/Unity/Mihoyo
-logFile
Logs/AssetImportWorker2.log
-srvPort
50499
Successfully changed project path to: C:/Users/15459/Desktop/web/mihoyo-material/Unity/Mihoyo
C:/Users/15459/Desktop/web/mihoyo-material/Unity/Mihoyo
[UnityMemory] Configuration Parameters - Can be set up in boot.config
    "memorysetup-bucket-allocator-granularity=16"
    "memorysetup-bucket-allocator-bucket-count=8"
    "memorysetup-bucket-allocator-block-size=33554432"
    "memorysetup-bucket-allocator-block-count=8"
    "memorysetup-main-allocator-block-size=16777216"
    "memorysetup-thread-allocator-block-size=16777216"
    "memorysetup-gfx-main-allocator-block-size=16777216"
    "memorysetup-gfx-thread-allocator-block-size=16777216"
    "memorysetup-cache-allocator-block-size=4194304"
    "memorysetup-typetree-allocator-block-size=2097152"
    "memorysetup-profiler-bucket-allocator-granularity=16"
    "memorysetup-profiler-bucket-allocator-bucket-count=8"
    "memorysetup-profiler-bucket-allocator-block-size=33554432"
    "memorysetup-profiler-bucket-allocator-block-count=8"
    "memorysetup-profiler-allocator-block-size=16777216"
    "memorysetup-profiler-editor-allocator-block-size=1048576"
    "memorysetup-temp-allocator-size-main=16777216"
    "memorysetup-job-temp-allocator-block-size=2097152"
    "memorysetup-job-temp-allocator-block-size-background=1048576"
    "memorysetup-job-temp-allocator-reduction-small-platforms=262144"
    "memorysetup-temp-allocator-size-background-worker=32768"
    "memorysetup-temp-allocator-size-job-worker=262144"
    "memorysetup-temp-allocator-size-preload-manager=33554432"
    "memorysetup-temp-allocator-size-nav-mesh-worker=65536"
    "memorysetup-temp-allocator-size-audio-worker=65536"
    "memorysetup-temp-allocator-size-cloud-worker=32768"
    "memorysetup-temp-allocator-size-gi-baking-worker=262144"
    "memorysetup-temp-allocator-size-gfx=262144"
Player connection [25728] Host "[IP] 192.168.10.6 [Port] 0 [Flags] 2 [Guid] 2616717547 [EditorId] 2616717547 [Version] 1048832 [Id] WindowsEditor(7,MoYi-Book) [Debug] 1 [PackageName] WindowsEditor [ProjectName] Editor" joined multi-casting on [225.0.0.222:54997]...

Player connection [25728] Host "[IP] 192.168.10.6 [Port] 0 [Flags] 2 [Guid] 2616717547 [EditorId] 2616717547 [Version] 1048832 [Id] WindowsEditor(7,MoYi-Book) [Debug] 1 [PackageName] WindowsEditor [ProjectName] Editor" joined alternative multi-casting on [225.0.0.222:34997]...

Refreshing native plugins compatible for Editor in 162.70 ms, found 3 plugins.
Preloading 0 native plugins for Editor in 0.00 ms.
Initialize engine version: 2021.3.16f1 (4016570cf34f)
[Subsystems] Discovering subsystems at path D:/Program Files/Unity/2021.3.16f1/Editor/Data/Resources/UnitySubsystems
[Subsystems] Discovering subsystems at path C:/Users/15459/Desktop/web/mihoyo-material/Unity/Mihoyo/Assets
GfxDevice: creating device client; threaded=0; jobified=0
Direct3D:
    Version:  Direct3D 11.0 [level 11.1]
    Renderer: NVIDIA GeForce RTX 3050 Laptop GPU (ID=0x25e5)
    Vendor:   NVIDIA
    VRAM:     3977 MB
    Driver:   31.0.15.2756
Initialize mono
Mono path[0] = 'D:/Program Files/Unity/2021.3.16f1/Editor/Data/Managed'
Mono path[1] = 'D:/Program Files/Unity/2021.3.16f1/Editor/Data/MonoBleedingEdge/lib/mono/unityjit-win32'
Mono config path = 'D:/Program Files/Unity/2021.3.16f1/Editor/Data/MonoBleedingEdge/etc'
Using monoOptions --debugger-agent=transport=dt_socket,embedding=1,server=y,suspend=n,address=127.0.0.1:56472
Begin MonoManager ReloadAssembly
Registering precompiled unity dll's ...
Register platform support module: D:/Program Files/Unity/2021.3.16f1/Editor/Data/PlaybackEngines/WindowsStandaloneSupport/UnityEditor.WindowsStandalone.Extensions.dll
Registered in 0.003498 seconds.
Native extension for WindowsStandalone target not found
Refreshing native plugins compatible for Editor in 148.49 ms, found 3 plugins.
Preloading 0 native plugins for Editor in 0.00 ms.
Mono: successfully reloaded assembly
- Completed reload, in  1.170 seconds
Domain Reload Profiling:
	ReloadAssembly (1171ms)
		BeginReloadAssembly (126ms)
			ExecutionOrderSort (0ms)
			DisableScriptedObjects (0ms)
			BackupInstance (0ms)
			ReleaseScriptingObjects (0ms)
			CreateAndSetChildDomain (1ms)
		EndReloadAssembly (860ms)
			LoadAssemblies (125ms)
			RebuildTransferFunctionScriptingTraits (0ms)
			SetupTypeCache (188ms)
			ReleaseScriptCaches (0ms)
			RebuildScriptCaches (52ms)
			SetupLoadedEditorAssemblies (544ms)
				LogAssemblyErrors (0ms)
				InitializePlatformSupportModulesInManaged (13ms)
				SetLoadedEditorAssemblies (0ms)
				RefreshPlugins (149ms)
				BeforeProcessingInitializeOnLoad (2ms)
				ProcessInitializeOnLoadAttributes (241ms)
				ProcessInitializeOnLoadMethodAttributes (139ms)
				AfterProcessingInitializeOnLoad (0ms)
				EditorAssembliesLoaded (0ms)
			ExecutionOrderSort2 (0ms)
			AwakeInstancesAfterBackupRestoration (0ms)
Platform modules already initialized, skipping
Registering precompiled user dll's ...
Registered in 0.011794 seconds.
Begin MonoManager ReloadAssembly
Symbol file LoadedFromMemory doesn't match image C:\Users\15459\Desktop\web\mihoyo-material\Unity\Mihoyo\Library\PackageCache\com.unity.visualscripting@1.7.8\Editor\VisualScripting.Core\Dependencies\YamlDotNet\Unity.VisualScripting.YamlDotNet.dll
Symbol file LoadedFromMemory doesn't match image C:\Users\15459\Desktop\web\mihoyo-material\Unity\Mihoyo\Library\PackageCache\com.unity.visualscripting@1.7.8\Editor\VisualScripting.Core\Dependencies\DotNetZip\Unity.VisualScripting.IonicZip.dll
Native extension for WindowsStandalone target not found
Refreshing native plugins compatible for Editor in 0.76 ms, found 3 plugins.
Preloading 0 native plugins for Editor in 0.00 ms.
Mono: successfully reloaded assembly
- Completed reload, in  1.706 seconds
Domain Reload Profiling:
	ReloadAssembly (1707ms)
		BeginReloadAssembly (197ms)
			ExecutionOrderSort (0ms)
			DisableScriptedObjects (8ms)
			BackupInstance (0ms)
			ReleaseScriptingObjects (0ms)
			CreateAndSetChildDomain (29ms)
		EndReloadAssembly (1282ms)
			LoadAssemblies (156ms)
			RebuildTransferFunctionScriptingTraits (0ms)
			SetupTypeCache (486ms)
			ReleaseScriptCaches (1ms)
			RebuildScriptCaches (79ms)
			SetupLoadedEditorAssemblies (523ms)
				LogAssemblyErrors (0ms)
				InitializePlatformSupportModulesInManaged (5ms)
				SetLoadedEditorAssemblies (1ms)
				RefreshPlugins (1ms)
				BeforeProcessingInitializeOnLoad (120ms)
				ProcessInitializeOnLoadAttributes (360ms)
				ProcessInitializeOnLoadMethodAttributes (33ms)
				AfterProcessingInitializeOnLoad (2ms)
				EditorAssembliesLoaded (0ms)
			ExecutionOrderSort2 (0ms)
			AwakeInstancesAfterBackupRestoration (7ms)
Platform modules already initialized, skipping
========================================================================
Worker process is ready to serve import requests
Launched and connected shader compiler UnityShaderCompiler.exe after 0.10 seconds
Refreshing native plugins compatible for Editor in 1.19 ms, found 3 plugins.
Preloading 0 native plugins for Editor in 0.00 ms.
Unloading 3627 Unused Serialized files (Serialized files now loaded: 0)
Unloading 42 unused Assets / (1.5 MB). Loaded Objects now: 4070.
Memory consumption went from 139.1 MB to 137.6 MB.
Total: 4.899100 ms (FindLiveObjects: 0.366500 ms CreateObjectMapping: 0.415800 ms MarkObjects: 3.199400 ms  DeleteObjects: 0.915800 ms)

AssetImportParameters requested are different than current active one (requested -> active):
  custom:video-decoder-ogg-theora: a1e56fd34408186e4bbccfd4996cb3dc -> 
  custom:container-muxer-webm: aa71ff27fc2769a1b78a27578f13a17b -> 
  custom:container-demuxer-webm: 4f35f7cbe854078d1ac9338744f61a02 -> 
  custom:video-encoder-webm-vp8: eb34c28f22e8b96e1ab97ce403110664 -> 
  custom:audio-encoder-webm-vorbis: bf7c407c2cedff20999df2af8eb42d56 -> 
  custom:framework-win-MediaFoundation: 216162199b28c13a410421893ffa2e32 -> 
  custom:container-demuxer-ogg: 62fdf1f143b41e24485cea50d1cbac27 -> 
  custom:video-decoder-webm-vp8: 9c59270c3fd7afecdb556c50c9e8de78 -> 
  custom:audio-decoder-ogg-vorbis: bf7c407c2cedff20999df2af8eb42d56 -> 
========================================================================
Received Import Request.
  Time since last request: 152872.652050 seconds.
  path: Assets/Editor/lisha.json
  artifactKey: Guid(f5ef992931e830c429724b11dc612dbb) Importer(815301076,1909f56bfc062723c751e8b465ee728b)
Start importing Assets/Editor/lisha.json using Guid(f5ef992931e830c429724b11dc612dbb) Importer(815301076,1909f56bfc062723c751e8b465ee728b)  -> (artifact id: '7920c3edf880f2e6aceb398bd5d554f4') in 0.086599 seconds 
========================================================================
Received Import Request.
  Time since last request: 1423.419493 seconds.
  path: Assets/Editor/lisha_Atlas.asset
  artifactKey: Guid(7bba2a748eabf0c43b30feb99b852784) Importer(815301076,1909f56bfc062723c751e8b465ee728b)
Start importing Assets/Editor/lisha_Atlas.asset using Guid(7bba2a748eabf0c43b30feb99b852784) Importer(815301076,1909f56bfc062723c751e8b465ee728b)  -> (artifact id: 'ad9d3ff872744b9ba1d4edcc180bffb1') in 0.024244 seconds 
========================================================================
Received Import Request.
  Time since last request: 10.349574 seconds.
  path: Assets/Editor/L_腿.png
  artifactKey: Guid(a40a2b33899024843bf7a25481a390ef) Importer(815301076,1909f56bfc062723c751e8b465ee728b)
Start importing Assets/Editor/L_腿.png using Guid(a40a2b33899024843bf7a25481a390ef) Importer(815301076,1909f56bfc062723c751e8b465ee728b)  -> (artifact id: '937eff762d07e59a748a879a41e9f3e8') in 0.129207 seconds 
========================================================================
Received Import Request.
  Time since last request: 13.794334 seconds.
  path: Assets/Editor/L_腿.png
  artifactKey: Guid(a40a2b33899024843bf7a25481a390ef) Importer(815301076,1909f56bfc062723c751e8b465ee728b)
Start importing Assets/Editor/L_腿.png using Guid(a40a2b33899024843bf7a25481a390ef) Importer(815301076,1909f56bfc062723c751e8b465ee728b)  -> (artifact id: '20eeb312d3d72bf15c6e45c085cb317a') in 0.023968 seconds 
========================================================================
Received Import Request.
  Time since last request: 21.657567 seconds.
  path: Assets/Editor/lisha_L_腿.mat
  artifactKey: Guid(116dd4f23d92c7b4b9da826af615ada5) Importer(815301076,1909f56bfc062723c751e8b465ee728b)
Start importing Assets/Editor/lisha_L_腿.mat using Guid(116dd4f23d92c7b4b9da826af615ada5) Importer(815301076,1909f56bfc062723c751e8b465ee728b)  -> (artifact id: '462d5c5e4b64bce13ff9f07a2741eb96') in 0.160944 seconds 
========================================================================
Received Import Request.
  Time since last request: 10.040642 seconds.
  path: Assets/Editor/L_腿.png
  artifactKey: Guid(a40a2b33899024843bf7a25481a390ef) Importer(815301076,1909f56bfc062723c751e8b465ee728b)
Start importing Assets/Editor/L_腿.png using Guid(a40a2b33899024843bf7a25481a390ef) Importer(815301076,1909f56bfc062723c751e8b465ee728b)  -> (artifact id: 'a00bb14ef93c0cd2cd1a42cd93de2402') in 0.019548 seconds 
========================================================================
Received Import Request.
  Time since last request: 97.372493 seconds.
  path: Assets/Editor/L_腿.png
  artifactKey: Guid(a40a2b33899024843bf7a25481a390ef) Importer(815301076,1909f56bfc062723c751e8b465ee728b)
Start importing Assets/Editor/L_腿.png using Guid(a40a2b33899024843bf7a25481a390ef) Importer(815301076,1909f56bfc062723c751e8b465ee728b)  -> (artifact id: '77a8ef1c391dee6854501130a3b38aa5') in 0.017029 seconds 
========================================================================
Received Import Request.
  Time since last request: 13.615452 seconds.
  path: Assets/Editor/lisha_LX.mat
  artifactKey: Guid(f08052c9ba6eccb4db980d2852c33dbb) Importer(815301076,1909f56bfc062723c751e8b465ee728b)
Start importing Assets/Editor/lisha_LX.mat using Guid(f08052c9ba6eccb4db980d2852c33dbb) Importer(815301076,1909f56bfc062723c751e8b465ee728b)  -> (artifact id: 'fa1034be40f7b8164852158e2fed46f1') in 0.013753 seconds 
========================================================================
Received Import Request.
  Time since last request: 67.662326 seconds.
  path: Assets/Editor/lisha_L_腿.png
  artifactKey: Guid(a40a2b33899024843bf7a25481a390ef) Importer(815301076,1909f56bfc062723c751e8b465ee728b)
Start importing Assets/Editor/lisha_L_腿.png using Guid(a40a2b33899024843bf7a25481a390ef) Importer(815301076,1909f56bfc062723c751e8b465ee728b)  -> (artifact id: '9a7fbe157e97bb76074942d949c3185e') in 0.012105 seconds 
========================================================================
Received Import Request.
  Time since last request: 52.174140 seconds.
  path: Assets/Editor/L_腿.png
  artifactKey: Guid(d6e107778e00817498652126bedb587c) Importer(815301076,1909f56bfc062723c751e8b465ee728b)
Start importing Assets/Editor/L_腿.png using Guid(d6e107778e00817498652126bedb587c) Importer(815301076,1909f56bfc062723c751e8b465ee728b)  -> (artifact id: 'eefa73bc48f16e1816e2aa12d022b103') in 0.018745 seconds 
========================================================================
Received Prepare
Registering precompiled user dll's ...
Registered in 0.006416 seconds.
Begin MonoManager ReloadAssembly
Symbol file LoadedFromMemory doesn't match image C:\Users\15459\Desktop\web\mihoyo-material\Unity\Mihoyo\Library\PackageCache\com.unity.visualscripting@1.7.8\Editor\VisualScripting.Core\Dependencies\YamlDotNet\Unity.VisualScripting.YamlDotNet.dll
Symbol file LoadedFromMemory doesn't match image C:\Users\15459\Desktop\web\mihoyo-material\Unity\Mihoyo\Library\PackageCache\com.unity.visualscripting@1.7.8\Editor\VisualScripting.Core\Dependencies\DotNetZip\Unity.VisualScripting.IonicZip.dll
Native extension for WindowsStandalone target not found
Refreshing native plugins compatible for Editor in 0.94 ms, found 3 plugins.
Preloading 0 native plugins for Editor in 0.00 ms.
Mono: successfully reloaded assembly
- Completed reload, in  1.379 seconds
Domain Reload Profiling:
	ReloadAssembly (1381ms)
		BeginReloadAssembly (251ms)
			ExecutionOrderSort (0ms)
			DisableScriptedObjects (8ms)
			BackupInstance (0ms)
			ReleaseScriptingObjects (0ms)
			CreateAndSetChildDomain (98ms)
		EndReloadAssembly (1002ms)
			LoadAssemblies (124ms)
			RebuildTransferFunctionScriptingTraits (0ms)
			SetupTypeCache (371ms)
			ReleaseScriptCaches (2ms)
			RebuildScriptCaches (61ms)
			SetupLoadedEditorAssemblies (417ms)
				LogAssemblyErrors (0ms)
				InitializePlatformSupportModulesInManaged (15ms)
				SetLoadedEditorAssemblies (1ms)
				RefreshPlugins (1ms)
				BeforeProcessingInitializeOnLoad (73ms)
				ProcessInitializeOnLoadAttributes (287ms)
				ProcessInitializeOnLoadMethodAttributes (37ms)
				AfterProcessingInitializeOnLoad (3ms)
				EditorAssembliesLoaded (0ms)
			ExecutionOrderSort2 (0ms)
			AwakeInstancesAfterBackupRestoration (10ms)
Platform modules already initialized, skipping
Refreshing native plugins compatible for Editor in 3.43 ms, found 3 plugins.
Preloading 0 native plugins for Editor in 0.00 ms.
Unloading 3594 Unused Serialized files (Serialized files now loaded: 0)
Unloading 35 unused Assets / (1.5 MB). Loaded Objects now: 4116.
Memory consumption went from 140.8 MB to 139.3 MB.
Total: 5.274300 ms (FindLiveObjects: 0.348400 ms CreateObjectMapping: 0.128300 ms MarkObjects: 3.936500 ms  DeleteObjects: 0.859100 ms)

AssetImportParameters requested are different than current active one (requested -> active):
  custom:video-decoder-ogg-theora: a1e56fd34408186e4bbccfd4996cb3dc -> 
  custom:container-muxer-webm: aa71ff27fc2769a1b78a27578f13a17b -> 
  custom:container-demuxer-webm: 4f35f7cbe854078d1ac9338744f61a02 -> 
  custom:video-encoder-webm-vp8: eb34c28f22e8b96e1ab97ce403110664 -> 
  custom:audio-encoder-webm-vorbis: bf7c407c2cedff20999df2af8eb42d56 -> 
  custom:framework-win-MediaFoundation: 216162199b28c13a410421893ffa2e32 -> 
  custom:container-demuxer-ogg: 62fdf1f143b41e24485cea50d1cbac27 -> 
  custom:video-decoder-webm-vp8: 9c59270c3fd7afecdb556c50c9e8de78 -> 
  custom:audio-decoder-ogg-vorbis: bf7c407c2cedff20999df2af8eb42d56 -> 
========================================================================
Received Import Request.
  Time since last request: 667.407518 seconds.
  path: Assets/Editor/NewPlayableAsset.cs
  artifactKey: Guid(577aa7012a07d384497b89f8983891d7) Importer(815301076,1909f56bfc062723c751e8b465ee728b)
Start importing Assets/Editor/NewPlayableAsset.cs using Guid(577aa7012a07d384497b89f8983891d7) Importer(815301076,1909f56bfc062723c751e8b465ee728b)  -> (artifact id: 'd11369d183b8e494d98caae95d7fa517') in 0.018605 seconds 
========================================================================
Received Prepare
Registering precompiled user dll's ...
Registered in 0.006557 seconds.
Begin MonoManager ReloadAssembly
Symbol file LoadedFromMemory doesn't match image C:\Users\15459\Desktop\web\mihoyo-material\Unity\Mihoyo\Library\PackageCache\com.unity.visualscripting@1.7.8\Editor\VisualScripting.Core\Dependencies\YamlDotNet\Unity.VisualScripting.YamlDotNet.dll
Symbol file LoadedFromMemory doesn't match image C:\Users\15459\Desktop\web\mihoyo-material\Unity\Mihoyo\Library\PackageCache\com.unity.visualscripting@1.7.8\Editor\VisualScripting.Core\Dependencies\DotNetZip\Unity.VisualScripting.IonicZip.dll
Native extension for WindowsStandalone target not found
Refreshing native plugins compatible for Editor in 0.83 ms, found 3 plugins.
Preloading 0 native plugins for Editor in 0.00 ms.
Mono: successfully reloaded assembly
- Completed reload, in  1.687 seconds
Domain Reload Profiling:
	ReloadAssembly (1689ms)
		BeginReloadAssembly (179ms)
			ExecutionOrderSort (0ms)
			DisableScriptedObjects (8ms)
			BackupInstance (0ms)
			ReleaseScriptingObjects (0ms)
			CreateAndSetChildDomain (53ms)
		EndReloadAssembly (1353ms)
			LoadAssemblies (118ms)
			RebuildTransferFunctionScriptingTraits (0ms)
			SetupTypeCache (514ms)
			ReleaseScriptCaches (2ms)
			RebuildScriptCaches (77ms)
			SetupLoadedEditorAssemblies (555ms)
				LogAssemblyErrors (0ms)
				InitializePlatformSupportModulesInManaged (21ms)
				SetLoadedEditorAssemblies (1ms)
				RefreshPlugins (1ms)
				BeforeProcessingInitializeOnLoad (101ms)
				ProcessInitializeOnLoadAttributes (375ms)
				ProcessInitializeOnLoadMethodAttributes (52ms)
				AfterProcessingInitializeOnLoad (4ms)
				EditorAssembliesLoaded (0ms)
			ExecutionOrderSort2 (0ms)
			AwakeInstancesAfterBackupRestoration (15ms)
Platform modules already initialized, skipping
Refreshing native plugins compatible for Editor in 3.19 ms, found 3 plugins.
Preloading 0 native plugins for Editor in 0.00 ms.
Unloading 3595 Unused Serialized files (Serialized files now loaded: 0)
Unloading 35 unused Assets / (1.5 MB). Loaded Objects now: 4120.
Memory consumption went from 140.8 MB to 139.3 MB.
Total: 6.107400 ms (FindLiveObjects: 0.356200 ms CreateObjectMapping: 0.197000 ms MarkObjects: 4.351700 ms  DeleteObjects: 1.200500 ms)

AssetImportParameters requested are different than current active one (requested -> active):
  custom:video-decoder-ogg-theora: a1e56fd34408186e4bbccfd4996cb3dc -> 
  custom:container-muxer-webm: aa71ff27fc2769a1b78a27578f13a17b -> 
  custom:container-demuxer-webm: 4f35f7cbe854078d1ac9338744f61a02 -> 
  custom:video-encoder-webm-vp8: eb34c28f22e8b96e1ab97ce403110664 -> 
  custom:audio-encoder-webm-vorbis: bf7c407c2cedff20999df2af8eb42d56 -> 
  custom:framework-win-MediaFoundation: 216162199b28c13a410421893ffa2e32 -> 
  custom:container-demuxer-ogg: 62fdf1f143b41e24485cea50d1cbac27 -> 
  custom:video-decoder-webm-vp8: 9c59270c3fd7afecdb556c50c9e8de78 -> 
  custom:audio-decoder-ogg-vorbis: bf7c407c2cedff20999df2af8eb42d56 -> 
